0 info it worked if it ends with ok
1 verbose cli [
1 verbose cli   'C:\\Program Files\\nodejs\\node.exe',
1 verbose cli   'C:\\Users\\Brien Bledsoe\\AppData\\Roaming\\npm\\node_modules\\npm\\bin\\npm-cli.js',
1 verbose cli   'start'
1 verbose cli ]
2 info using npm@6.13.3
3 info using node@v12.13.0
4 verbose run-script [ 'prestart', 'start', 'poststart' ]
5 info lifecycle dataproj@1.0.0~prestart: dataproj@1.0.0
6 info lifecycle dataproj@1.0.0~start: dataproj@1.0.0
7 verbose lifecycle dataproj@1.0.0~start: unsafe-perm in lifecycle true
8 verbose lifecycle dataproj@1.0.0~start: PATH: C:\Users\Brien Bledsoe\AppData\Roaming\npm\node_modules\npm\node_modules\npm-lifecycle\node-gyp-bin;C:\Users\Brien Bledsoe\Documents\Senior_Project\dataProj\node_modules\.bin;C:\Users\Brien Bledsoe\bin;C:\Program Files\Git\mingw64\bin;C:\Program Files\Git\usr\local\bin;C:\Program Files\Git\usr\bin;C:\Program Files\Git\usr\bin;C:\Program Files\Git\mingw64\bin;C:\Program Files\Git\usr\bin;C:\Users\Brien Bledsoe\bin;C:\Program Files\nodejs;C:\ProgramData\chocolatey\bin;C:\Users\Brien Bledsoe\AppData\Roaming\npm;C:\Users\Brien Bledsoe\AppData\Roaming\npm\node_modules\create-react-app;C:\Program Files (x86)\Intel\Intel(R) Management Engine Components\iCLS;C:\Python38";C:\Program Files\Intel\Intel(R) Management Engine Components\iCLS;C:\WINDOWS\system32;C:\WINDOWS;C:\WINDOWS\system32\wbem;C:\WINDOWS\system32\windowspowershell\v1.0;C:\program files (x86)\common files\intel\shared libraries\redist\intel64\compiler;C:\windows\system32;C:\windows;C:\windows\system32\wbem;C:\windows\system32\windowspowershell\v1.0;C:\program files (x86)\nvidia corporation\physx\common;C:\program files (x86)\pharossystems\core;C:\program files (x86)\gtksharp\2.12\bin;C:\windows\system32\openssh;C:\program files\git\cmd;C:\program files\nvidia corporation\nvidia nvdlisr;C:\WINDOWS\system32\openssh;C:\Program Files (x86)\Intel\Intel(R) Management Engine Components\DAL;C:\Program Files\Intel\Intel(R) Management Engine Components\DAL;C:\Program Files (x86)\Intel\Intel(R) Management Engine Components\IPT;C:\Program Files\Intel\Intel(R) Management Engine Components\IPT;C:\Program Files\Intel\WiFi\bin;C:\Program Files\Common Files\Intel\WirelessCommon;C:\Users\Brien Bledsoe\AppData\Local\Programs\Python\Python38\Scripts;C:\Users\Brien Bledsoe\AppData\Local\Programs\Python\Python38;C:\Users\Brien Bledsoe\AppData\Local\Microsoft\WindowsApps;C:\Program Files\nodejs;C:\ProgramData\chocolatey\bin;C:\Users\Brien Bledsoe\AppData\Roaming\npm;C:\Users\Brien Bledsoe\AppData\Roaming\npm\node_modules\create-react-app;C:\Users\Brien Bledsoe\AppData\Local\atom\bin;C:\Users\Brien Bledsoe\AppData\Local\Microsoft\WindowsApps;C:\Program Files\heroku\bin;C:\Program Files\Intel\WiFi\bin;C:\Program Files\Common Files\Intel\WirelessCommon;C:\Program Files\Git\usr\bin\vendor_perl;C:\Program Files\Git\usr\bin\core_perl
9 verbose lifecycle dataproj@1.0.0~start: CWD: C:\Users\Brien Bledsoe\Documents\Senior_Project\dataProj
10 silly lifecycle dataproj@1.0.0~start: Args: [ '/d /s /c', 'node index.js' ]
11 silly lifecycle dataproj@1.0.0~start: Returned: code: 3221225786  signal: null
12 info lifecycle dataproj@1.0.0~start: Failed to exec start script
13 verbose stack Error: dataproj@1.0.0 start: `node index.js`
13 verbose stack Exit status 3221225786
13 verbose stack     at EventEmitter.<anonymous> (C:\Users\Brien Bledsoe\AppData\Roaming\npm\node_modules\npm\node_modules\npm-lifecycle\index.js:332:16)
13 verbose stack     at EventEmitter.emit (events.js:210:5)
13 verbose stack     at ChildProcess.<anonymous> (C:\Users\Brien Bledsoe\AppData\Roaming\npm\node_modules\npm\node_modules\npm-lifecycle\lib\spawn.js:55:14)
13 verbose stack     at ChildProcess.emit (events.js:210:5)
13 verbose stack     at maybeClose (internal/child_process.js:1021:16)
13 verbose stack     at Process.ChildProcess._handle.onexit (internal/child_process.js:283:5)
14 verbose pkgid dataproj@1.0.0
15 verbose cwd C:\Users\Brien Bledsoe\Documents\Senior_Project\dataProj
16 verbose Windows_NT 10.0.18363
17 verbose argv "C:\\Program Files\\nodejs\\node.exe" "C:\\Users\\Brien Bledsoe\\AppData\\Roaming\\npm\\node_modules\\npm\\bin\\npm-cli.js" "start"
18 verbose node v12.13.0
19 verbose npm  v6.13.3
20 error code ELIFECYCLE
21 error errno 3221225786
22 error dataproj@1.0.0 start: `node index.js`
22 error Exit status 3221225786
23 error Failed at the dataproj@1.0.0 start script.
23 error This is probably not a problem with npm. There is likely additional logging output above.
24 verbose exit [ 3221225786, true ]
